<?xml version="1.0" encoding="UTF-8"?>
<coverage generated="1720797721">
  <project timestamp="1720797721">
    <file name="C:\Users\fiore\OneDrive\Pictures\xd\coveragesosa\src\CONTROLLER\ClienteController.php">
      <class name="App\Controller\ClienteController" namespace="global">
        <metrics complexity="7" methods="7" coveredmethods="7" conditionals="0" coveredconditionals="0" statements="7" coveredstatements="7" elements="14" coveredelements="14"/>
      </class>
      <line num="10" type="method" name="__construct" visibility="public" complexity="1" crap="1" count="6"/>
      <line num="12" type="stmt" count="6"/>
      <line num="15" type="method" name="listarClienteAdmin" visibility="public" complexity="1" crap="1" count="1"/>
      <line num="18" type="stmt" count="1"/>
      <line num="21" type="method" name="agregarClienteAdmin" visibility="public" complexity="1" crap="1" count="1"/>
      <line num="24" type="stmt" count="1"/>
      <line num="27" type="method" name="editarClienteAdmin" visibility="public" complexity="1" crap="1" count="1"/>
      <line num="30" type="stmt" count="1"/>
      <line num="33" type="method" name="eliminarClienteAdmin" visibility="public" complexity="1" crap="1" count="1"/>
      <line num="36" type="stmt" count="1"/>
      <line num="39" type="method" name="buscarClienteAdmin" visibility="public" complexity="1" crap="1" count="1"/>
      <line num="42" type="stmt" count="1"/>
      <line num="45" type="method" name="mostrarFormularioEditar" visibility="public" complexity="1" crap="1" count="1"/>
      <line num="48" type="stmt" count="1"/>
      <metrics loc="52" ncloc="46" classes="1" methods="7" coveredmethods="7" conditionals="0" coveredconditionals="0" statements="7" coveredstatements="7" elements="14" coveredelements="14"/>
    </file>
    <file name="C:\Users\fiore\OneDrive\Pictures\xd\coveragesosa\src\CONTROLLER\ContratoController.php">
      <class name="App\Controller\ContratoController" namespace="global">
        <metrics complexity="8" methods="7" coveredmethods="7" conditionals="0" coveredconditionals="0" statements="14" coveredstatements="14" elements="21" coveredelements="21"/>
      </class>
      <line num="11" type="method" name="__construct" visibility="public" complexity="1" crap="1" count="6"/>
      <line num="12" type="stmt" count="6"/>
      <line num="15" type="method" name="listarContratoAdmin" visibility="public" complexity="1" crap="1" count="1"/>
      <line num="17" type="stmt" count="1"/>
      <line num="19" type="stmt" count="1"/>
      <line num="25" type="method" name="agregarContratoAdmin" visibility="public" complexity="1" crap="1" count="1"/>
      <line num="27" type="stmt" count="1"/>
      <line num="28" type="stmt" count="1"/>
      <line num="34" type="method" name="editarContratoAdmin" visibility="public" complexity="1" crap="1" count="1"/>
      <line num="36" type="stmt" count="1"/>
      <line num="37" type="stmt" count="1"/>
      <line num="43" type="method" name="eliminarContratoAdmin" visibility="public" complexity="2" crap="2" count="1"/>
      <line num="45" type="stmt" count="1"/>
      <line num="46" type="stmt" count="1"/>
      <line num="47" type="stmt" count="1"/>
      <line num="54" type="method" name="buscarContratoAdmin" visibility="public" complexity="1" crap="1" count="1"/>
      <line num="56" type="stmt" count="1"/>
      <line num="58" type="stmt" count="1"/>
      <line num="64" type="method" name="mostrarFormularioEditar" visibility="public" complexity="1" crap="1" count="1"/>
      <line num="66" type="stmt" count="1"/>
      <line num="68" type="stmt" count="1"/>
      <metrics loc="77" ncloc="74" classes="1" methods="7" coveredmethods="7" conditionals="0" coveredconditionals="0" statements="14" coveredstatements="14" elements="21" coveredelements="21"/>
    </file>
    <file name="C:\Users\fiore\OneDrive\Pictures\xd\coveragesosa\src\CONTROLLER\CoticeController.php">
      <class name="ClsCotice" namespace="global">
        <metrics complexity="21" methods="4" coveredmethods="0" conditionals="0" coveredconditionals="0" statements="55" coveredstatements="0" elements="59" coveredelements="0"/>
      </class>
      <line num="2" type="stmt" count="0"/>
      <line num="3" type="stmt" count="0"/>
      <line num="4" type="stmt" count="0"/>
      <line num="5" type="stmt" count="0"/>
      <line num="6" type="stmt" count="0"/>
      <line num="9" type="method" name="mostrarFormulario" visibility="public" complexity="1" crap="2" count="0"/>
      <line num="10" type="stmt" count="0"/>
      <line num="13" type="method" name="validarDocumento" visibility="public" complexity="14" crap="210" count="0"/>
      <line num="14" type="stmt" count="0"/>
      <line num="15" type="stmt" count="0"/>
      <line num="18" type="stmt" count="0"/>
      <line num="19" type="stmt" count="0"/>
      <line num="20" type="stmt" count="0"/>
      <line num="21" type="stmt" count="0"/>
      <line num="22" type="stmt" count="0"/>
      <line num="25" type="stmt" count="0"/>
      <line num="27" type="stmt" count="0"/>
      <line num="28" type="stmt" count="0"/>
      <line num="30" type="stmt" count="0"/>
      <line num="31" type="stmt" count="0"/>
      <line num="32" type="stmt" count="0"/>
      <line num="33" type="stmt" count="0"/>
      <line num="35" type="stmt" count="0"/>
      <line num="36" type="stmt" count="0"/>
      <line num="37" type="stmt" count="0"/>
      <line num="41" type="stmt" count="0"/>
      <line num="44" type="method" name="procesarFormulario" visibility="public" complexity="4" crap="20" count="0"/>
      <line num="45" type="stmt" count="0"/>
      <line num="46" type="stmt" count="0"/>
      <line num="47" type="stmt" count="0"/>
      <line num="48" type="stmt" count="0"/>
      <line num="50" type="stmt" count="0"/>
      <line num="51" type="stmt" count="0"/>
      <line num="52" type="stmt" count="0"/>
      <line num="53" type="stmt" count="0"/>
      <line num="54" type="stmt" count="0"/>
      <line num="57" type="stmt" count="0"/>
      <line num="58" type="stmt" count="0"/>
      <line num="60" type="stmt" count="0"/>
      <line num="61" type="stmt" count="0"/>
      <line num="62" type="stmt" count="0"/>
      <line num="64" type="stmt" count="0"/>
      <line num="65" type="stmt" count="0"/>
      <line num="67" type="stmt" count="0"/>
      <line num="69" type="stmt" count="0"/>
      <line num="70" type="stmt" count="0"/>
      <line num="72" type="stmt" count="0"/>
      <line num="73" type="stmt" count="0"/>
      <line num="76" type="stmt" count="0"/>
      <line num="77" type="stmt" count="0"/>
      <line num="81" type="method" name="actualizarCotizacion" visibility="public" complexity="2" crap="6" count="0"/>
      <line num="82" type="stmt" count="0"/>
      <line num="83" type="stmt" count="0"/>
      <line num="85" type="stmt" count="0"/>
      <line num="86" type="stmt" count="0"/>
      <line num="87" type="stmt" count="0"/>
      <line num="88" type="stmt" count="0"/>
      <line num="89" type="stmt" count="0"/>
      <line num="90" type="stmt" count="0"/>
      <line num="91" type="stmt" count="0"/>
      <line num="93" type="stmt" count="0"/>
      <line num="94" type="stmt" count="0"/>
      <line num="95" type="stmt" count="0"/>
      <line num="96" type="stmt" count="0"/>
      <line num="101" type="stmt" count="0"/>
      <line num="103" type="stmt" count="0"/>
      <line num="104" type="stmt" count="0"/>
      <line num="105" type="stmt" count="0"/>
      <line num="106" type="stmt" count="0"/>
      <line num="107" type="stmt" count="0"/>
      <line num="108" type="stmt" count="0"/>
      <line num="109" type="stmt" count="0"/>
      <line num="110" type="stmt" count="0"/>
      <line num="112" type="stmt" count="0"/>
      <line num="114" type="stmt" count="0"/>
      <line num="115" type="stmt" count="0"/>
      <line num="116" type="stmt" count="0"/>
      <line num="117" type="stmt" count="0"/>
      <line num="118" type="stmt" count="0"/>
      <line num="119" type="stmt" count="0"/>
      <line num="121" type="stmt" count="0"/>
      <line num="124" type="stmt" count="0"/>
      <metrics loc="127" ncloc="127" classes="1" methods="4" coveredmethods="0" conditionals="0" coveredconditionals="0" statements="78" coveredstatements="0" elements="82" coveredelements="0"/>
    </file>
    <file name="C:\Users\fiore\OneDrive\Pictures\xd\coveragesosa\src\CONTROLLER\EmpleadoController.php">
      <class name="App\Controller\EmpleadoController" namespace="global">
        <metrics complexity="2" methods="2" coveredmethods="2" conditionals="0" coveredconditionals="0" statements="3" coveredstatements="3" elements="5" coveredelements="5"/>
      </class>
      <line num="10" type="method" name="__construct" visibility="public" complexity="1" crap="1" count="1"/>
      <line num="11" type="stmt" count="1"/>
      <line num="14" type="method" name="listarEmpleadosAdmin" visibility="public" complexity="1" crap="1" count="1"/>
      <line num="15" type="stmt" count="1"/>
      <line num="17" type="stmt" count="1"/>
      <metrics loc="23" ncloc="21" classes="1" methods="2" coveredmethods="2" conditionals="0" coveredconditionals="0" statements="3" coveredstatements="3" elements="5" coveredelements="5"/>
    </file>
    <file name="C:\Users\fiore\OneDrive\Pictures\xd\coveragesosa\src\CONTROLLER\LoginController.php">
      <class name="App\Controller\LoginController" namespace="global">
        <metrics complexity="8" methods="3" coveredmethods="0" conditionals="0" coveredconditionals="0" statements="18" coveredstatements="0" elements="21" coveredelements="0"/>
      </class>
      <line num="9" type="method" name="__construct" visibility="public" complexity="2" crap="6" count="0"/>
      <line num="10" type="stmt" count="0"/>
      <line num="13" type="method" name="login" visibility="public" complexity="5" crap="30" count="0"/>
      <line num="14" type="stmt" count="0"/>
      <line num="15" type="stmt" count="0"/>
      <line num="16" type="stmt" count="0"/>
      <line num="18" type="stmt" count="0"/>
      <line num="19" type="stmt" count="0"/>
      <line num="21" type="stmt" count="0"/>
      <line num="22" type="stmt" count="0"/>
      <line num="23" type="stmt" count="0"/>
      <line num="24" type="stmt" count="0"/>
      <line num="25" type="stmt" count="0"/>
      <line num="26" type="stmt" count="0"/>
      <line num="28" type="stmt" count="0"/>
      <line num="31" type="stmt" count="0"/>
      <line num="37" type="method" name="logout" visibility="public" complexity="1" crap="2" count="0"/>
      <line num="38" type="stmt" count="0"/>
      <line num="39" type="stmt" count="0"/>
      <line num="40" type="stmt" count="0"/>
      <line num="41" type="stmt" count="0"/>
      <metrics loc="45" ncloc="44" classes="1" methods="3" coveredmethods="0" conditionals="0" coveredconditionals="0" statements="18" coveredstatements="0" elements="21" coveredelements="0"/>
    </file>
    <file name="C:\Users\fiore\OneDrive\Pictures\xd\coveragesosa\src\CONTROLLER\MantenimientoController.php">
      <class name="App\Controller\MantenimientoController" namespace="global">
        <metrics complexity="8" methods="7" coveredmethods="7" conditionals="0" coveredconditionals="0" statements="12" coveredstatements="12" elements="19" coveredelements="19"/>
      </class>
      <line num="10" type="method" name="__construct" visibility="public" complexity="1" crap="1" count="6"/>
      <line num="11" type="stmt" count="6"/>
      <line num="14" type="method" name="listarMantenimientoAdmin" visibility="public" complexity="1" crap="1" count="1"/>
      <line num="15" type="stmt" count="1"/>
      <line num="17" type="stmt" count="1"/>
      <line num="20" type="method" name="agregarMantenimientoAdmin" visibility="public" complexity="1" crap="1" count="1"/>
      <line num="21" type="stmt" count="1"/>
      <line num="25" type="method" name="editarMantenimientoAdmin" visibility="public" complexity="1" crap="1" count="1"/>
      <line num="26" type="stmt" count="1"/>
      <line num="30" type="method" name="eliminarMantenimientoAdmin" visibility="public" complexity="2" crap="2" count="1"/>
      <line num="31" type="stmt" count="1"/>
      <line num="32" type="stmt" count="1"/>
      <line num="34" type="stmt" count="1"/>
      <line num="38" type="method" name="buscarMantenimientoAdmin" visibility="public" complexity="1" crap="1" count="1"/>
      <line num="39" type="stmt" count="1"/>
      <line num="41" type="stmt" count="1"/>
      <line num="44" type="method" name="mostrarFormularioEditar" visibility="public" complexity="1" crap="1" count="1"/>
      <line num="45" type="stmt" count="1"/>
      <line num="47" type="stmt" count="1"/>
      <metrics loc="51" ncloc="45" classes="1" methods="7" coveredmethods="7" conditionals="0" coveredconditionals="0" statements="12" coveredstatements="12" elements="19" coveredelements="19"/>
    </file>
    <file name="C:\Users\fiore\OneDrive\Pictures\xd\coveragesosa\src\CONTROLLER\MaquinariaController.php">
      <class name="App\Controller\MaquinariaController" namespace="global">
        <metrics complexity="11" methods="9" coveredmethods="8" conditionals="0" coveredconditionals="0" statements="20" coveredstatements="16" elements="29" coveredelements="24"/>
      </class>
      <line num="10" type="method" name="__construct" visibility="public" complexity="1" crap="1" count="7"/>
      <line num="11" type="stmt" count="7"/>
      <line num="15" type="method" name="catalogoMaquinaria" visibility="public" complexity="1" crap="1" count="1"/>
      <line num="17" type="stmt" count="1"/>
      <line num="19" type="stmt" count="1"/>
      <line num="26" type="method" name="detalleMaquinaria" visibility="public" complexity="2" crap="6" count="0"/>
      <line num="28" type="stmt" count="0"/>
      <line num="29" type="stmt" count="0"/>
      <line num="30" type="stmt" count="0"/>
      <line num="32" type="stmt" count="0"/>
      <line num="40" type="method" name="listarMaquinariaAdmin" visibility="public" complexity="1" crap="1" count="1"/>
      <line num="42" type="stmt" count="1"/>
      <line num="44" type="stmt" count="1"/>
      <line num="51" type="method" name="agregarMaquinariaAdmin" visibility="public" complexity="1" crap="1" count="1"/>
      <line num="53" type="stmt" count="1"/>
      <line num="54" type="stmt" count="1"/>
      <line num="61" type="method" name="eliminarMaquinariaAdmin" visibility="public" complexity="2" crap="2" count="1"/>
      <line num="63" type="stmt" count="1"/>
      <line num="64" type="stmt" count="1"/>
      <line num="65" type="stmt" count="1"/>
      <line num="73" type="method" name="editarMaquinariaAdmin" visibility="public" complexity="1" crap="1" count="1"/>
      <line num="75" type="stmt" count="1"/>
      <line num="76" type="stmt" count="1"/>
      <line num="83" type="method" name="buscarMaquinariaAdmin" visibility="public" complexity="1" crap="1" count="1"/>
      <line num="85" type="stmt" count="1"/>
      <line num="87" type="stmt" count="1"/>
      <line num="94" type="method" name="mostrarFormularioEditar" visibility="public" complexity="1" crap="1" count="1"/>
      <line num="96" type="stmt" count="1"/>
      <line num="98" type="stmt" count="1"/>
      <metrics loc="105" ncloc="90" classes="1" methods="9" coveredmethods="8" conditionals="0" coveredconditionals="0" statements="20" coveredstatements="16" elements="29" coveredelements="24"/>
    </file>
    <file name="C:\Users\fiore\OneDrive\Pictures\xd\coveragesosa\src\CONTROLLER\ReservaController.php">
      <class name="App\Controller\ReservaController" namespace="global">
        <metrics complexity="8" methods="7" coveredmethods="7" conditionals="0" coveredconditionals="0" statements="12" coveredstatements="12" elements="19" coveredelements="19"/>
      </class>
      <line num="10" type="method" name="__construct" visibility="public" complexity="1" crap="1" count="6"/>
      <line num="11" type="stmt" count="6"/>
      <line num="14" type="method" name="listarReservaAdmin" visibility="public" complexity="1" crap="1" count="1"/>
      <line num="15" type="stmt" count="1"/>
      <line num="17" type="stmt" count="1"/>
      <line num="20" type="method" name="agregarReservaAdmin" visibility="public" complexity="1" crap="1" count="1"/>
      <line num="21" type="stmt" count="1"/>
      <line num="25" type="method" name="editarReservaAdmin" visibility="public" complexity="1" crap="1" count="1"/>
      <line num="26" type="stmt" count="1"/>
      <line num="30" type="method" name="eliminarReservaAdmin" visibility="public" complexity="2" crap="2" count="1"/>
      <line num="31" type="stmt" count="1"/>
      <line num="32" type="stmt" count="1"/>
      <line num="34" type="stmt" count="1"/>
      <line num="38" type="method" name="buscarReservaAdmin" visibility="public" complexity="1" crap="1" count="1"/>
      <line num="39" type="stmt" count="1"/>
      <line num="41" type="stmt" count="1"/>
      <line num="44" type="method" name="mostrarFormularioEditar" visibility="public" complexity="1" crap="1" count="1"/>
      <line num="45" type="stmt" count="1"/>
      <line num="47" type="stmt" count="1"/>
      <metrics loc="51" ncloc="45" classes="1" methods="7" coveredmethods="7" conditionals="0" coveredconditionals="0" statements="12" coveredstatements="12" elements="19" coveredelements="19"/>
    </file>
    <file name="C:\Users\fiore\OneDrive\Pictures\xd\coveragesosa\src\DB\Conectar.php">
      <class name="DB\Conectar" namespace="global">
        <metrics complexity="1" methods="1" coveredmethods="1" conditionals="0" coveredconditionals="0" statements="8" coveredstatements="8" elements="9" coveredelements="9"/>
      </class>
      <line num="7" type="method" name="conexion" visibility="public" complexity="1" crap="1" count="34"/>
      <line num="9" type="stmt" count="34"/>
      <line num="12" type="stmt" count="34"/>
      <line num="13" type="stmt" count="34"/>
      <line num="14" type="stmt" count="34"/>
      <line num="15" type="stmt" count="34"/>
      <line num="18" type="stmt" count="34"/>
      <line num="23" type="stmt" count="34"/>
      <line num="25" type="stmt" count="34"/>
      <metrics loc="29" ncloc="24" classes="1" methods="1" coveredmethods="1" conditionals="0" coveredconditionals="0" statements="8" coveredstatements="8" elements="9" coveredelements="9"/>
    </file>
    <file name="C:\Users\fiore\OneDrive\Pictures\xd\coveragesosa\src\MODEL\Cliente.php">
      <class name="App\Model\Cliente" namespace="global">
        <metrics complexity="11" methods="7" coveredmethods="7" conditionals="0" coveredconditionals="0" statements="46" coveredstatements="46" elements="53" coveredelements="53"/>
      </class>
      <line num="10" type="method" name="__construct" visibility="public" complexity="1" crap="1" count="6"/>
      <line num="11" type="stmt" count="6"/>
      <line num="14" type="method" name="listarClientes" visibility="public" complexity="2" crap="2" count="1"/>
      <line num="15" type="stmt" count="1"/>
      <line num="16" type="stmt" count="1"/>
      <line num="17" type="stmt" count="1"/>
      <line num="18" type="stmt" count="1"/>
      <line num="20" type="stmt" count="1"/>
      <line num="23" type="method" name="agregarCliente" visibility="public" complexity="2" crap="2" count="1"/>
      <line num="25" type="stmt" count="1"/>
      <line num="26" type="stmt" count="1"/>
      <line num="27" type="stmt" count="1"/>
      <line num="28" type="stmt" count="1"/>
      <line num="30" type="stmt" count="1"/>
      <line num="31" type="stmt" count="1"/>
      <line num="32" type="stmt" count="1"/>
      <line num="36" type="method" name="editarCliente" visibility="public" complexity="2" crap="2" count="1"/>
      <line num="38" type="stmt" count="1"/>
      <line num="39" type="stmt" count="1"/>
      <line num="40" type="stmt" count="1"/>
      <line num="41" type="stmt" count="1"/>
      <line num="43" type="stmt" count="1"/>
      <line num="44" type="stmt" count="1"/>
      <line num="45" type="stmt" count="1"/>
      <line num="49" type="method" name="eliminarCliente" visibility="public" complexity="1" crap="1" count="1"/>
      <line num="51" type="stmt" count="1"/>
      <line num="52" type="stmt" count="1"/>
      <line num="53" type="stmt" count="1"/>
      <line num="54" type="stmt" count="1"/>
      <line num="55" type="stmt" count="1"/>
      <line num="56" type="stmt" count="1"/>
      <line num="57" type="stmt" count="1"/>
      <line num="63" type="method" name="buscarCliente" visibility="public" complexity="2" crap="2" count="1"/>
      <line num="64" type="stmt" count="1"/>
      <line num="65" type="stmt" count="1"/>
      <line num="66" type="stmt" count="1"/>
      <line num="67" type="stmt" count="1"/>
      <line num="68" type="stmt" count="1"/>
      <line num="69" type="stmt" count="1"/>
      <line num="70" type="stmt" count="1"/>
      <line num="71" type="stmt" count="1"/>
      <line num="72" type="stmt" count="1"/>
      <line num="74" type="stmt" count="1"/>
      <line num="75" type="stmt" count="1"/>
      <line num="78" type="method" name="obtenerClientePorId" visibility="public" complexity="1" crap="1" count="1"/>
      <line num="80" type="stmt" count="1"/>
      <line num="81" type="stmt" count="1"/>
      <line num="82" type="stmt" count="1"/>
      <line num="83" type="stmt" count="1"/>
      <line num="84" type="stmt" count="1"/>
      <line num="85" type="stmt" count="1"/>
      <line num="86" type="stmt" count="1"/>
      <line num="87" type="stmt" count="1"/>
      <metrics loc="94" ncloc="94" classes="1" methods="7" coveredmethods="7" conditionals="0" coveredconditionals="0" statements="46" coveredstatements="46" elements="53" coveredelements="53"/>
    </file>
    <file name="C:\Users\fiore\OneDrive\Pictures\xd\coveragesosa\src\MODEL\Contrato.php">
      <class name="App\Model\Contrato" namespace="global">
        <metrics complexity="11" methods="7" coveredmethods="7" conditionals="0" coveredconditionals="0" statements="44" coveredstatements="44" elements="51" coveredelements="51"/>
      </class>
      <line num="7" type="method" name="__construct" visibility="public" complexity="1" crap="1" count="6"/>
      <line num="8" type="stmt" count="6"/>
      <line num="11" type="method" name="listarContrato" visibility="public" complexity="3" crap="3" count="1"/>
      <line num="12" type="stmt" count="1"/>
      <line num="13" type="stmt" count="1"/>
      <line num="14" type="stmt" count="1"/>
      <line num="16" type="stmt" count="1"/>
      <line num="17" type="stmt" count="1"/>
      <line num="18" type="stmt" count="1"/>
      <line num="22" type="stmt" count="1"/>
      <line num="25" type="method" name="agregarContrato" visibility="public" complexity="1" crap="1" count="1"/>
      <line num="26" type="stmt" count="1"/>
      <line num="27" type="stmt" count="1"/>
      <line num="28" type="stmt" count="1"/>
      <line num="29" type="stmt" count="1"/>
      <line num="30" type="stmt" count="1"/>
      <line num="33" type="method" name="editarContrato" visibility="public" complexity="1" crap="1" count="1"/>
      <line num="34" type="stmt" count="1"/>
      <line num="35" type="stmt" count="1"/>
      <line num="36" type="stmt" count="1"/>
      <line num="37" type="stmt" count="1"/>
      <line num="38" type="stmt" count="1"/>
      <line num="41" type="method" name="eliminarContrato" visibility="public" complexity="2" crap="2" count="1"/>
      <line num="42" type="stmt" count="1"/>
      <line num="43" type="stmt" count="1"/>
      <line num="44" type="stmt" count="1"/>
      <line num="45" type="stmt" count="1"/>
      <line num="48" type="stmt" count="1"/>
      <line num="49" type="stmt" count="1"/>
      <line num="57" type="method" name="buscarContrato" visibility="public" complexity="2" crap="2" count="1"/>
      <line num="58" type="stmt" count="1"/>
      <line num="59" type="stmt" count="1"/>
      <line num="60" type="stmt" count="1"/>
      <line num="61" type="stmt" count="1"/>
      <line num="62" type="stmt" count="1"/>
      <line num="63" type="stmt" count="1"/>
      <line num="64" type="stmt" count="1"/>
      <line num="66" type="stmt" count="1"/>
      <line num="67" type="stmt" count="1"/>
      <line num="70" type="stmt" count="1"/>
      <line num="71" type="stmt" count="1"/>
      <line num="74" type="method" name="obtenerContratoPorId" visibility="public" complexity="1" crap="1" count="1"/>
      <line num="75" type="stmt" count="1"/>
      <line num="82" type="stmt" count="1"/>
      <line num="84" type="stmt" count="1"/>
      <line num="85" type="stmt" count="1"/>
      <line num="86" type="stmt" count="1"/>
      <line num="87" type="stmt" count="1"/>
      <line num="88" type="stmt" count="1"/>
      <line num="89" type="stmt" count="1"/>
      <line num="91" type="stmt" count="1"/>
      <metrics loc="95" ncloc="94" classes="1" methods="7" coveredmethods="7" conditionals="0" coveredconditionals="0" statements="44" coveredstatements="44" elements="51" coveredelements="51"/>
    </file>
    <file name="C:\Users\fiore\OneDrive\Pictures\xd\coveragesosa\src\MODEL\Cotizacion.php">
      <class name="App\Model\Cotizacion" namespace="global">
        <metrics complexity="10" methods="8" coveredmethods="8" conditionals="0" coveredconditionals="0" statements="44" coveredstatements="44" elements="52" coveredelements="52"/>
      </class>
      <line num="9" type="method" name="__construct" visibility="public" complexity="1" crap="1" count="7"/>
      <line num="10" type="stmt" count="7"/>
      <line num="13" type="method" name="actualizarCotizacion" visibility="public" complexity="1" crap="1" count="1"/>
      <line num="15" type="stmt" count="1"/>
      <line num="17" type="stmt" count="1"/>
      <line num="18" type="stmt" count="1"/>
      <line num="19" type="stmt" count="1"/>
      <line num="26" type="method" name="obtenerClientePorId" visibility="public" complexity="1" crap="1" count="1"/>
      <line num="28" type="stmt" count="1"/>
      <line num="29" type="stmt" count="1"/>
      <line num="30" type="stmt" count="1"/>
      <line num="31" type="stmt" count="1"/>
      <line num="32" type="stmt" count="1"/>
      <line num="33" type="stmt" count="1"/>
      <line num="34" type="stmt" count="1"/>
      <line num="40" type="method" name="obtenerMaquinariaPorId" visibility="public" complexity="1" crap="1" count="1"/>
      <line num="42" type="stmt" count="1"/>
      <line num="43" type="stmt" count="1"/>
      <line num="44" type="stmt" count="1"/>
      <line num="45" type="stmt" count="1"/>
      <line num="46" type="stmt" count="1"/>
      <line num="47" type="stmt" count="1"/>
      <line num="48" type="stmt" count="1"/>
      <line num="53" type="method" name="obtenerLugarPorId" visibility="public" complexity="1" crap="1" count="1"/>
      <line num="55" type="stmt" count="1"/>
      <line num="57" type="stmt" count="1"/>
      <line num="58" type="stmt" count="1"/>
      <line num="59" type="stmt" count="1"/>
      <line num="60" type="stmt" count="1"/>
      <line num="62" type="stmt" count="1"/>
      <line num="64" type="stmt" count="1"/>
      <line num="69" type="method" name="agregarCotizacion" visibility="public" complexity="1" crap="1" count="2"/>
      <line num="71" type="stmt" count="2"/>
      <line num="73" type="stmt" count="2"/>
      <line num="75" type="stmt" count="2"/>
      <line num="77" type="stmt" count="2"/>
      <line num="79" type="stmt" count="2"/>
      <line num="81" type="stmt" count="2"/>
      <line num="86" type="method" name="obtenerTodasMaquinarias" visibility="public" complexity="2" crap="2" count="1"/>
      <line num="88" type="stmt" count="1"/>
      <line num="90" type="stmt" count="1"/>
      <line num="92" type="stmt" count="1"/>
      <line num="93" type="stmt" count="1"/>
      <line num="94" type="stmt" count="1"/>
      <line num="97" type="stmt" count="1"/>
      <line num="103" type="method" name="obtenerTodosLugares" visibility="public" complexity="2" crap="2" count="1"/>
      <line num="105" type="stmt" count="1"/>
      <line num="107" type="stmt" count="1"/>
      <line num="109" type="stmt" count="1"/>
      <line num="110" type="stmt" count="1"/>
      <line num="111" type="stmt" count="1"/>
      <line num="114" type="stmt" count="1"/>
      <metrics loc="121" ncloc="121" classes="1" methods="8" coveredmethods="8" conditionals="0" coveredconditionals="0" statements="44" coveredstatements="44" elements="52" coveredelements="52"/>
    </file>
    <file name="C:\Users\fiore\OneDrive\Pictures\xd\coveragesosa\src\MODEL\DetalleMaquinariaModel.php">
      <class name="App\Model\DetalleMaquinariaModel" namespace="global">
        <metrics complexity="7" methods="5" coveredmethods="5" conditionals="0" coveredconditionals="0" statements="31" coveredstatements="31" elements="36" coveredelements="36"/>
      </class>
      <line num="7" type="method" name="__construct" visibility="public" complexity="1" crap="1" count="4"/>
      <line num="8" type="stmt" count="4"/>
      <line num="11" type="method" name="listarDetalleMaquinaria" visibility="public" complexity="3" crap="3" count="1"/>
      <line num="12" type="stmt" count="1"/>
      <line num="13" type="stmt" count="1"/>
      <line num="14" type="stmt" count="1"/>
      <line num="15" type="stmt" count="1"/>
      <line num="16" type="stmt" count="1"/>
      <line num="17" type="stmt" count="1"/>
      <line num="20" type="stmt" count="1"/>
      <line num="23" type="method" name="obtenerDetallePorId" visibility="public" complexity="1" crap="1" count="1"/>
      <line num="24" type="stmt" count="1"/>
      <line num="25" type="stmt" count="1"/>
      <line num="26" type="stmt" count="1"/>
      <line num="27" type="stmt" count="1"/>
      <line num="28" type="stmt" count="1"/>
      <line num="29" type="stmt" count="1"/>
      <line num="30" type="stmt" count="1"/>
      <line num="31" type="stmt" count="1"/>
      <line num="34" type="method" name="actualizarDetalle" visibility="public" complexity="1" crap="1" count="1"/>
      <line num="35" type="stmt" count="1"/>
      <line num="36" type="stmt" count="1"/>
      <line num="37" type="stmt" count="1"/>
      <line num="39" type="stmt" count="1"/>
      <line num="40" type="stmt" count="1"/>
      <line num="41" type="stmt" count="1"/>
      <line num="42" type="stmt" count="1"/>
      <line num="43" type="stmt" count="1"/>
      <line num="44" type="stmt" count="1"/>
      <line num="47" type="method" name="eliminarDetalle" visibility="public" complexity="1" crap="1" count="1"/>
      <line num="48" type="stmt" count="1"/>
      <line num="49" type="stmt" count="1"/>
      <line num="50" type="stmt" count="1"/>
      <line num="51" type="stmt" count="1"/>
      <line num="52" type="stmt" count="1"/>
      <line num="53" type="stmt" count="1"/>
      <metrics loc="57" ncloc="57" classes="1" methods="5" coveredmethods="5" conditionals="0" coveredconditionals="0" statements="31" coveredstatements="31" elements="36" coveredelements="36"/>
    </file>
    <file name="C:\Users\fiore\OneDrive\Pictures\xd\coveragesosa\src\MODEL\Empleado.php">
      <class name="App\Model\Empleado" namespace="global">
        <metrics complexity="3" methods="2" coveredmethods="2" conditionals="0" coveredconditionals="0" statements="6" coveredstatements="6" elements="8" coveredelements="8"/>
      </class>
      <line num="7" type="method" name="__construct" visibility="public" complexity="1" crap="1" count="1"/>
      <line num="8" type="stmt" count="1"/>
      <line num="11" type="method" name="listarEmpleados" visibility="public" complexity="2" crap="2" count="1"/>
      <line num="12" type="stmt" count="1"/>
      <line num="13" type="stmt" count="1"/>
      <line num="14" type="stmt" count="1"/>
      <line num="15" type="stmt" count="1"/>
      <line num="17" type="stmt" count="1"/>
      <metrics loc="23" ncloc="22" classes="1" methods="2" coveredmethods="2" conditionals="0" coveredconditionals="0" statements="6" coveredstatements="6" elements="8" coveredelements="8"/>
    </file>
    <file name="C:\Users\fiore\OneDrive\Pictures\xd\coveragesosa\src\MODEL\Lugar.php">
      <class name="App\Model\Lugar" namespace="global">
        <metrics complexity="5" methods="2" coveredmethods="2" conditionals="0" coveredconditionals="0" statements="9" coveredstatements="9" elements="11" coveredelements="11"/>
      </class>
      <line num="9" type="method" name="__construct" visibility="public" complexity="1" crap="1" count="1"/>
      <line num="10" type="stmt" count="1"/>
      <line num="13" type="method" name="obtenerTodosLugares" visibility="public" complexity="4" crap="4" count="1"/>
      <line num="15" type="stmt" count="1"/>
      <line num="17" type="stmt" count="1"/>
      <line num="18" type="stmt" count="1"/>
      <line num="20" type="stmt" count="1"/>
      <line num="21" type="stmt" count="1"/>
      <line num="22" type="stmt" count="1"/>
      <line num="24" type="stmt" count="1"/>
      <line num="27" type="stmt" count="1"/>
      <metrics loc="33" ncloc="33" classes="1" methods="2" coveredmethods="2" conditionals="0" coveredconditionals="0" statements="9" coveredstatements="9" elements="11" coveredelements="11"/>
    </file>
    <file name="C:\Users\fiore\OneDrive\Pictures\xd\coveragesosa\src\MODEL\Mantenimiento.php">
      <class name="App\Model\Mantenimiento" namespace="global">
        <metrics complexity="9" methods="7" coveredmethods="6" conditionals="0" coveredconditionals="0" statements="44" coveredstatements="38" elements="51" coveredelements="44"/>
      </class>
      <line num="8" type="method" name="__construct" visibility="public" complexity="1" crap="1" count="5"/>
      <line num="9" type="stmt" count="5"/>
      <line num="13" type="method" name="listarMantenimiento" visibility="public" complexity="2" crap="2" count="1"/>
      <line num="14" type="stmt" count="1"/>
      <line num="15" type="stmt" count="1"/>
      <line num="16" type="stmt" count="1"/>
      <line num="17" type="stmt" count="1"/>
      <line num="19" type="stmt" count="1"/>
      <line num="23" type="method" name="agregarMantenimiento" visibility="public" complexity="1" crap="2" count="0"/>
      <line num="25" type="stmt" count="0"/>
      <line num="26" type="stmt" count="0"/>
      <line num="27" type="stmt" count="0"/>
      <line num="28" type="stmt" count="0"/>
      <line num="29" type="stmt" count="0"/>
      <line num="30" type="stmt" count="0"/>
      <line num="36" type="method" name="eliminarMantenimiento" visibility="public" complexity="1" crap="1" count="1"/>
      <line num="38" type="stmt" count="1"/>
      <line num="39" type="stmt" count="1"/>
      <line num="41" type="stmt" count="1"/>
      <line num="42" type="stmt" count="1"/>
      <line num="44" type="stmt" count="1"/>
      <line num="45" type="stmt" count="1"/>
      <line num="46" type="stmt" count="1"/>
      <line num="52" type="method" name="editarMantenimiento" visibility="public" complexity="1" crap="1" count="1"/>
      <line num="54" type="stmt" count="1"/>
      <line num="55" type="stmt" count="1"/>
      <line num="56" type="stmt" count="1"/>
      <line num="57" type="stmt" count="1"/>
      <line num="58" type="stmt" count="1"/>
      <line num="59" type="stmt" count="1"/>
      <line num="65" type="method" name="buscarMantenimiento" visibility="public" complexity="2" crap="2" count="1"/>
      <line num="66" type="stmt" count="1"/>
      <line num="67" type="stmt" count="1"/>
      <line num="68" type="stmt" count="1"/>
      <line num="69" type="stmt" count="1"/>
      <line num="70" type="stmt" count="1"/>
      <line num="71" type="stmt" count="1"/>
      <line num="72" type="stmt" count="1"/>
      <line num="73" type="stmt" count="1"/>
      <line num="74" type="stmt" count="1"/>
      <line num="76" type="stmt" count="1"/>
      <line num="77" type="stmt" count="1"/>
      <line num="81" type="method" name="obtenerMantenimientoPorId" visibility="public" complexity="1" crap="1" count="1"/>
      <line num="82" type="stmt" count="1"/>
      <line num="83" type="stmt" count="1"/>
      <line num="84" type="stmt" count="1"/>
      <line num="85" type="stmt" count="1"/>
      <line num="86" type="stmt" count="1"/>
      <line num="87" type="stmt" count="1"/>
      <line num="88" type="stmt" count="1"/>
      <line num="89" type="stmt" count="1"/>
      <metrics loc="93" ncloc="87" classes="1" methods="7" coveredmethods="6" conditionals="0" coveredconditionals="0" statements="44" coveredstatements="38" elements="51" coveredelements="44"/>
    </file>
    <file name="C:\Users\fiore\OneDrive\Pictures\xd\coveragesosa\src\MODEL\Maquinaria.php">
      <class name="App\Model\Maquinaria" namespace="global">
        <metrics complexity="12" methods="9" coveredmethods="9" conditionals="0" coveredconditionals="0" statements="53" coveredstatements="53" elements="62" coveredelements="62"/>
      </class>
      <line num="8" type="method" name="__construct" visibility="public" complexity="1" crap="1" count="8"/>
      <line num="9" type="stmt" count="8"/>
      <line num="14" type="method" name="listar_Maquinarias" visibility="public" complexity="2" crap="2" count="1"/>
      <line num="16" type="stmt" count="1"/>
      <line num="17" type="stmt" count="1"/>
      <line num="19" type="stmt" count="1"/>
      <line num="20" type="stmt" count="1"/>
      <line num="23" type="stmt" count="1"/>
      <line num="29" type="method" name="mostrar_Maquinaria" visibility="public" complexity="1" crap="1" count="1"/>
      <line num="30" type="stmt" count="1"/>
      <line num="31" type="stmt" count="1"/>
      <line num="33" type="stmt" count="1"/>
      <line num="40" type="stmt" count="1"/>
      <line num="41" type="stmt" count="1"/>
      <line num="43" type="stmt" count="1"/>
      <line num="49" type="method" name="listarMaquinarias" visibility="public" complexity="2" crap="2" count="1"/>
      <line num="50" type="stmt" count="1"/>
      <line num="51" type="stmt" count="1"/>
      <line num="52" type="stmt" count="1"/>
      <line num="53" type="stmt" count="1"/>
      <line num="55" type="stmt" count="1"/>
      <line num="58" type="method" name="agregarMaquinaria" visibility="public" complexity="1" crap="1" count="1"/>
      <line num="60" type="stmt" count="1"/>
      <line num="62" type="stmt" count="1"/>
      <line num="65" type="stmt" count="1"/>
      <line num="68" type="stmt" count="1"/>
      <line num="71" type="stmt" count="1"/>
      <line num="72" type="stmt" count="1"/>
      <line num="73" type="stmt" count="1"/>
      <line num="79" type="method" name="eliminarMaquinaria" visibility="public" complexity="1" crap="1" count="1"/>
      <line num="81" type="stmt" count="1"/>
      <line num="82" type="stmt" count="1"/>
      <line num="83" type="stmt" count="1"/>
      <line num="84" type="stmt" count="1"/>
      <line num="91" type="method" name="editarMaquinaria" visibility="public" complexity="1" crap="1" count="1"/>
      <line num="93" type="stmt" count="1"/>
      <line num="94" type="stmt" count="1"/>
      <line num="95" type="stmt" count="1"/>
      <line num="96" type="stmt" count="1"/>
      <line num="97" type="stmt" count="1"/>
      <line num="98" type="stmt" count="1"/>
      <line num="103" type="method" name="buscarMaquinaria" visibility="public" complexity="2" crap="2" count="1"/>
      <line num="104" type="stmt" count="1"/>
      <line num="105" type="stmt" count="1"/>
      <line num="106" type="stmt" count="1"/>
      <line num="107" type="stmt" count="1"/>
      <line num="108" type="stmt" count="1"/>
      <line num="109" type="stmt" count="1"/>
      <line num="110" type="stmt" count="1"/>
      <line num="111" type="stmt" count="1"/>
      <line num="112" type="stmt" count="1"/>
      <line num="114" type="stmt" count="1"/>
      <line num="115" type="stmt" count="1"/>
      <line num="118" type="method" name="buscarMaquinariaPorId" visibility="public" complexity="1" crap="1" count="1"/>
      <line num="119" type="stmt" count="1"/>
      <line num="120" type="stmt" count="1"/>
      <line num="121" type="stmt" count="1"/>
      <line num="122" type="stmt" count="1"/>
      <line num="123" type="stmt" count="1"/>
      <line num="124" type="stmt" count="1"/>
      <line num="125" type="stmt" count="1"/>
      <line num="126" type="stmt" count="1"/>
      <metrics loc="132" ncloc="120" classes="1" methods="9" coveredmethods="9" conditionals="0" coveredconditionals="0" statements="53" coveredstatements="53" elements="62" coveredelements="62"/>
    </file>
    <file name="C:\Users\fiore\OneDrive\Pictures\xd\coveragesosa\src\MODEL\Reserva.php">
      <class name="App\Model\Reserva" namespace="global">
        <metrics complexity="9" methods="7" coveredmethods="6" conditionals="0" coveredconditionals="0" statements="44" coveredstatements="38" elements="51" coveredelements="44"/>
      </class>
      <line num="9" type="method" name="__construct" visibility="public" complexity="1" crap="1" count="5"/>
      <line num="10" type="stmt" count="5"/>
      <line num="14" type="method" name="listarReserva" visibility="public" complexity="2" crap="2" count="1"/>
      <line num="15" type="stmt" count="1"/>
      <line num="16" type="stmt" count="1"/>
      <line num="17" type="stmt" count="1"/>
      <line num="18" type="stmt" count="1"/>
      <line num="20" type="stmt" count="1"/>
      <line num="24" type="method" name="agregarReserva" visibility="public" complexity="1" crap="2" count="0"/>
      <line num="26" type="stmt" count="0"/>
      <line num="27" type="stmt" count="0"/>
      <line num="28" type="stmt" count="0"/>
      <line num="29" type="stmt" count="0"/>
      <line num="30" type="stmt" count="0"/>
      <line num="31" type="stmt" count="0"/>
      <line num="38" type="method" name="eliminarReserva" visibility="public" complexity="1" crap="1" count="1"/>
      <line num="40" type="stmt" count="1"/>
      <line num="41" type="stmt" count="1"/>
      <line num="42" type="stmt" count="1"/>
      <line num="43" type="stmt" count="1"/>
      <line num="44" type="stmt" count="1"/>
      <line num="45" type="stmt" count="1"/>
      <line num="46" type="stmt" count="1"/>
      <line num="52" type="method" name="editarReserva" visibility="public" complexity="1" crap="1" count="1"/>
      <line num="54" type="stmt" count="1"/>
      <line num="55" type="stmt" count="1"/>
      <line num="56" type="stmt" count="1"/>
      <line num="57" type="stmt" count="1"/>
      <line num="58" type="stmt" count="1"/>
      <line num="59" type="stmt" count="1"/>
      <line num="65" type="method" name="buscarReserva" visibility="public" complexity="2" crap="2" count="1"/>
      <line num="66" type="stmt" count="1"/>
      <line num="67" type="stmt" count="1"/>
      <line num="68" type="stmt" count="1"/>
      <line num="69" type="stmt" count="1"/>
      <line num="70" type="stmt" count="1"/>
      <line num="71" type="stmt" count="1"/>
      <line num="72" type="stmt" count="1"/>
      <line num="73" type="stmt" count="1"/>
      <line num="74" type="stmt" count="1"/>
      <line num="76" type="stmt" count="1"/>
      <line num="77" type="stmt" count="1"/>
      <line num="81" type="method" name="obtenerReservaPorId" visibility="public" complexity="1" crap="1" count="1"/>
      <line num="82" type="stmt" count="1"/>
      <line num="83" type="stmt" count="1"/>
      <line num="84" type="stmt" count="1"/>
      <line num="85" type="stmt" count="1"/>
      <line num="86" type="stmt" count="1"/>
      <line num="87" type="stmt" count="1"/>
      <line num="88" type="stmt" count="1"/>
      <line num="89" type="stmt" count="1"/>
      <metrics loc="93" ncloc="87" classes="1" methods="7" coveredmethods="6" conditionals="0" coveredconditionals="0" statements="44" coveredstatements="38" elements="51" coveredelements="44"/>
    </file>
    <file name="C:\Users\fiore\OneDrive\Pictures\xd\coveragesosa\src\MODEL\Usuario.php">
      <class name="App\Model\Usuario" namespace="global">
        <metrics complexity="2" methods="2" coveredmethods="2" conditionals="0" coveredconditionals="0" statements="7" coveredstatements="7" elements="9" coveredelements="9"/>
      </class>
      <line num="9" type="method" name="__construct" visibility="public" complexity="1" crap="1" count="1"/>
      <line num="10" type="stmt" count="1"/>
      <line num="13" type="method" name="login" visibility="public" complexity="1" crap="1" count="1"/>
      <line num="14" type="stmt" count="1"/>
      <line num="15" type="stmt" count="1"/>
      <line num="16" type="stmt" count="1"/>
      <line num="18" type="stmt" count="1"/>
      <line num="21" type="stmt" count="1"/>
      <line num="23" type="stmt" count="1"/>
      <metrics loc="26" ncloc="25" classes="1" methods="2" coveredmethods="2" conditionals="0" coveredconditionals="0" statements="7" coveredstatements="7" elements="9" coveredelements="9"/>
    </file>
    <metrics files="19" loc="1327" ncloc="1256" classes="19" methods="103" coveredmethods="93" conditionals="0" coveredconditionals="0" statements="500" coveredstatements="388" elements="603" coveredelements="481"/>
  </project>
</coverage>
